开发目的：　枚举子域名和ＩＰ段
开发周期：　１５天
项目要求：　速度尽可能块，包含常用的域名枚举方法，支持await异步调用。
编程风格：　函数命名和参数使用下划线命名方式，例如 def my_func(first_arg, second_arg)。类命名使用帕斯卡命名方式，即每个单词首字母大写，例如class MyCls。

常用域名收集方法：

（１）第三方网站查询（包括搜索引擎）
缺点：接口性质的子域名不会被搜索引擎收录，存在遗漏。
查询网站：VirusToal, bing.com

（２）ＤＮＳ查询字典枚举
缺点：容易遗漏特殊名称的子域名。域名泛解析问题。

（３）证书透明度（Certificate Transparency,简称CT）公开日志枚举技术
缺点：域名可能不存在，无法解析。对于只签根域名证书的情况存在遗漏。
查询网站：censys.io、crt.sh

v1.0
本地字典subnames.txt（76119个）暴力枚举， 默认域名 qq.com , 默认 10000 个协程并发, 耗时 20+ 秒, 平均每秒枚举 3000+ 个子域名, 有效子域名 1300-1400, 数量可能与dns查询超时有关

v1.1
增加了日志记录，增加命令行参数与说明 
扫描速度与准确率与dns服务器的选用用很大关系,主要测试了114.114.114.114和119.29.29.29,相同条件下，前者40s500左右，后者15s1300左右

v1.2
增加ＣＴ公开日志枚举技术，通过连接crt.sh的数据库查询

新增３００万子域名字典 subdomain_wordlist.txt
耗时２４８ｓ 速度每秒 １ｗ+　(家里的网貌似查询速度翻倍了)
域名解析结果的效率和准确性与nameserver的选择和网络状况有很大关系，为提高准确度可以多次枚举。
wifi信号不好时查询效果大打折扣

待解决：
１．多级子域名
２．查找ＩＰ段
３．添加查找方法,如增加第三方网站接口(VirusTotal)查询

